[2017-11-04 12:06:03] HackerNews.INFO: Hey  
[2017-11-04 12:47:57] HackerNews.INFO: Hey  
[2017-11-04 12:49:41] HackerNews.INFO: Hey  
hackernews-backend-logs: INFO: Hey  hackernews-backend-logs: ERROR: Hey  hackernews-backend-logs: ERROR: Hey  hackernews-backend-logs: ERROR: Hey  hackernews-backend-logs: ERROR: Hey  hackernews-backend-logs: ERROR: Hey  hackernews-backend-logs: ERROR: Hey  hackernews-backend-logs: ERROR: Hey  hackernews-backend-logs: ERROR: Hey  [2017-11-04 12:54:24] hackernews-backend-logs.ERROR: Hey  
[2017-11-04 12:54:48] hackernews-backend-logs.ERROR: Hey  
hackernews-backend-logs: ERROR: Hey  hackernews-backend-logs: ERROR: Hey  hackernews-backend-logs: ERROR: Hey  hackernews-backend-logs: ERROR: Hey  hackernews-backend-logs: ERROR: Hey  hackernews-backend-logs: ERROR: Hey  hackernews-backend-logs: ERROR: Hey  hackernews-backend-logs: ERROR: No results found  hackernews-backend-logs: ERROR: Hey  hackernews-backend-logs: ERROR: #0 /home/vagrant/Code/hackernews.app/app/Hackernews/Facade/PostFacade.php(102): Hackernews\Access\PostAccess->getPostBySlug('s?d', -1) #1 /home/vagrant/Code/hackernews.app/app/Hackernews/Http/Controllers/PostController.php(101): Hackernews\Facade\PostFacade->getPostBySlug('s?d', -1) #2 [internal function]: Hackernews\Http\Controllers\PostController->getPost(Object(Slim\Http\Request), Object(Slim\Http\Response), Array) #3 /home/vagrant/Code/hackernews.app/vendor/slim/slim/Slim/Handlers/Strategies/RequestResponse.php(41): call_user_func(Array, Object(Slim\Http\Request), Object(Slim\Http\Response), Array) #4 /home/vagrant/Code/hackernews.app/vendor/slim/slim/Slim/Route.php(344): Slim\Handlers\Strategies\RequestResponse->__invoke(Array, Object(Slim\Http\Request), Object(Slim\Http\Response), Array) #5 /home/vagrant/Code/hackernews.app/app/Hackernews/Http/Middleware/CheckIsLoggedIn.php(47): Slim\Route->__invoke(Object(Slim\Http\Request), Object(Slim\Http\Response)) #6 [internal function]: Hackernews\Http\Middleware\CheckIsLoggedIn->__invoke(Object(Slim\Http\Request), Object(Slim\Http\Response), Object(Slim\Route)) #7 /home/vagrant/Code/hackernews.app/vendor/slim/slim/Slim/DeferredCallable.php(43): call_user_func_array(Object(Hackernews\Http\Middleware\CheckIsLoggedIn), Array) #8 [internal function]: Slim\DeferredCallable->__invoke(Object(Slim\Http\Request), Object(Slim\Http\Response), Object(Slim\Route)) #9 /home/vagrant/Code/hackernews.app/vendor/slim/slim/Slim/MiddlewareAwareTrait.php(73): call_user_func(Object(Slim\DeferredCallable), Object(Slim\Http\Request), Object(Slim\Http\Response), Object(Slim\Route)) #10 /home/vagrant/Code/hackernews.app/app/Hackernews/Http/Middleware/AllowCrossOrigin.php(31): Slim\Route->Slim\{closure}(Object(Slim\Http\Request), Object(Slim\Http\Response)) #11 [internal function]: Hackernews\Http\Middleware\AllowCrossOrigin->__invoke(Object(Slim\Http\Request), Object(Slim\Http\Response), Object(Closure)) #12 /home/vagrant/Code/hackernews.app/vendor/slim/slim/Slim/DeferredCallable.php(43): call_user_func_array(Object(Hackernews\Http\Middleware\AllowCrossOrigin), Array) #13 [internal function]: Slim\DeferredCallable->__invoke(Object(Slim\Http\Request), Object(Slim\Http\Response), Object(Closure)) #14 /home/vagrant/Code/hackernews.app/vendor/slim/slim/Slim/MiddlewareAwareTrait.php(73): call_user_func(Object(Slim\DeferredCallable), Object(Slim\Http\Request), Object(Slim\Http\Response), Object(Closure)) #15 /home/vagrant/Code/hackernews.app/vendor/slim/slim/Slim/MiddlewareAwareTrait.php(122): Slim\Route->Slim\{closure}(Object(Slim\Http\Request), Object(Slim\Http\Response)) #16 /home/vagrant/Code/hackernews.app/vendor/slim/slim/Slim/Route.php(316): Slim\Route->callMiddlewareStack(Object(Slim\Http\Request), Object(Slim\Http\Response)) #17 /home/vagrant/Code/hackernews.app/vendor/slim/slim/Slim/App.php(476): Slim\Route->run(Object(Slim\Http\Request), Object(Slim\Http\Response)) #18 /home/vagrant/Code/hackernews.app/vendor/slim/slim/Slim/MiddlewareAwareTrait.php(122): Slim\App->__invoke(Object(Slim\Http\Request), Object(Slim\Http\Response)) #19 /home/vagrant/Code/hackernews.app/vendor/slim/slim/Slim/App.php(370): Slim\App->callMiddlewareStack(Object(Slim\Http\Request), Object(Slim\Http\Response)) #20 /home/vagrant/Code/hackernews.app/vendor/slim/slim/Slim/App.php(295): Slim\App->process(Object(Slim\Http\Request), Object(Slim\Http\Response)) #21 /home/vagrant/Code/hackernews.app/index.php(23): Slim\App->run() #22 {main}  hackernews-backend-logs: ERROR: Hey  hackernews-backend-logs: ERROR: #0 /home/vagrant/Code/hackernews.app/app/Hackernews/Facade/PostFacade.php(102): Hackernews\Access\PostAccess->getPostBySlug('s?d', -1)
#1 /home/vagrant/Code/hackernews.app/app/Hackernews/Http/Controllers/PostController.php(101): Hackernews\Facade\PostFacade->getPostBySlug('s?d', -1)
#2 [internal function]: Hackernews\Http\Controllers\PostController->getPost(Object(Slim\Http\Request), Object(Slim\Http\Response), Array)
#3 /home/vagrant/Code/hackernews.app/vendor/slim/slim/Slim/Handlers/Strategies/RequestResponse.php(41): call_user_func(Array, Object(Slim\Http\Request), Object(Slim\Http\Response), Array)
#4 /home/vagrant/Code/hackernews.app/vendor/slim/slim/Slim/Route.php(344): Slim\Handlers\Strategies\RequestResponse->__invoke(Array, Object(Slim\Http\Request), Object(Slim\Http\Response), Array)
#5 /home/vagrant/Code/hackernews.app/app/Hackernews/Http/Middleware/CheckIsLoggedIn.php(47): Slim\Route->__invoke(Object(Slim\Http\Request), Object(Slim\Http\Response))
#6 [internal function]: Hackernews\Http\Middleware\CheckIsLoggedIn->__invoke(Object(Slim\Http\Request), Object(Slim\Http\Response), Object(Slim\Route))
#7 /home/vagrant/Code/hackernews.app/vendor/slim/slim/Slim/DeferredCallable.php(43): call_user_func_array(Object(Hackernews\Http\Middleware\CheckIsLoggedIn), Array)
#8 [internal function]: Slim\DeferredCallable->__invoke(Object(Slim\Http\Request), Object(Slim\Http\Response), Object(Slim\Route))
#9 /home/vagrant/Code/hackernews.app/vendor/slim/slim/Slim/MiddlewareAwareTrait.php(73): call_user_func(Object(Slim\DeferredCallable), Object(Slim\Http\Request), Object(Slim\Http\Response), Object(Slim\Route))
#10 /home/vagrant/Code/hackernews.app/app/Hackernews/Http/Middleware/AllowCrossOrigin.php(31): Slim\Route->Slim\{closure}(Object(Slim\Http\Request), Object(Slim\Http\Response))
#11 [internal function]: Hackernews\Http\Middleware\AllowCrossOrigin->__invoke(Object(Slim\Http\Request), Object(Slim\Http\Response), Object(Closure))
#12 /home/vagrant/Code/hackernews.app/vendor/slim/slim/Slim/DeferredCallable.php(43): call_user_func_array(Object(Hackernews\Http\Middleware\AllowCrossOrigin), Array)
#13 [internal function]: Slim\DeferredCallable->__invoke(Object(Slim\Http\Request), Object(Slim\Http\Response), Object(Closure))
#14 /home/vagrant/Code/hackernews.app/vendor/slim/slim/Slim/MiddlewareAwareTrait.php(73): call_user_func(Object(Slim\DeferredCallable), Object(Slim\Http\Request), Object(Slim\Http\Response), Object(Closure))
#15 /home/vagrant/Code/hackernews.app/vendor/slim/slim/Slim/MiddlewareAwareTrait.php(122): Slim\Route->Slim\{closure}(Object(Slim\Http\Request), Object(Slim\Http\Response))
#16 /home/vagrant/Code/hackernews.app/vendor/slim/slim/Slim/Route.php(316): Slim\Route->callMiddlewareStack(Object(Slim\Http\Request), Object(Slim\Http\Response))
#17 /home/vagrant/Code/hackernews.app/vendor/slim/slim/Slim/App.php(476): Slim\Route->run(Object(Slim\Http\Request), Object(Slim\Http\Response))
#18 /home/vagrant/Code/hackernews.app/vendor/slim/slim/Slim/MiddlewareAwareTrait.php(122): Slim\App->__invoke(Object(Slim\Http\Request), Object(Slim\Http\Response))
#19 /home/vagrant/Code/hackernews.app/vendor/slim/slim/Slim/App.php(370): Slim\App->callMiddlewareStack(Object(Slim\Http\Request), Object(Slim\Http\Response))
#20 /home/vagrant/Code/hackernews.app/vendor/slim/slim/Slim/App.php(295): Slim\App->process(Object(Slim\Http\Request), Object(Slim\Http\Response))
#21 /home/vagrant/Code/hackernews.app/index.php(23): Slim\App->run()
#22 {main}  hackernews-backend-logs: ERROR: Hey  hackernews-backend-logs: ERROR: 0: No results found: IN: /home/vagrant/Code/hackernews.app/app/Hackernews/Access/PostAccess.php: #0 /home/vagrant/Code/hackernews.app/app/Hackernews/Facade/PostFacade.php(102): Hackernews\Access\PostAccess->getPostBySlug('s?d', -1)
#1 /home/vagrant/Code/hackernews.app/app/Hackernews/Http/Controllers/PostController.php(101): Hackernews\Facade\PostFacade->getPostBySlug('s?d', -1)
#2 [internal function]: Hackernews\Http\Controllers\PostController->getPost(Object(Slim\Http\Request), Object(Slim\Http\Response), Array)
#3 /home/vagrant/Code/hackernews.app/vendor/slim/slim/Slim/Handlers/Strategies/RequestResponse.php(41): call_user_func(Array, Object(Slim\Http\Request), Object(Slim\Http\Response), Array)
#4 /home/vagrant/Code/hackernews.app/vendor/slim/slim/Slim/Route.php(344): Slim\Handlers\Strategies\RequestResponse->__invoke(Array, Object(Slim\Http\Request), Object(Slim\Http\Response), Array)
#5 /home/vagrant/Code/hackernews.app/app/Hackernews/Http/Middleware/CheckIsLoggedIn.php(47): Slim\Route->__invoke(Object(Slim\Http\Request), Object(Slim\Http\Response))
#6 [internal function]: Hackernews\Http\Middleware\CheckIsLoggedIn->__invoke(Object(Slim\Http\Request), Object(Slim\Http\Response), Object(Slim\Route))
#7 /home/vagrant/Code/hackernews.app/vendor/slim/slim/Slim/DeferredCallable.php(43): call_user_func_array(Object(Hackernews\Http\Middleware\CheckIsLoggedIn), Array)
#8 [internal function]: Slim\DeferredCallable->__invoke(Object(Slim\Http\Request), Object(Slim\Http\Response), Object(Slim\Route))
#9 /home/vagrant/Code/hackernews.app/vendor/slim/slim/Slim/MiddlewareAwareTrait.php(73): call_user_func(Object(Slim\DeferredCallable), Object(Slim\Http\Request), Object(Slim\Http\Response), Object(Slim\Route))
#10 /home/vagrant/Code/hackernews.app/app/Hackernews/Http/Middleware/AllowCrossOrigin.php(31): Slim\Route->Slim\{closure}(Object(Slim\Http\Request), Object(Slim\Http\Response))
#11 [internal function]: Hackernews\Http\Middleware\AllowCrossOrigin->__invoke(Object(Slim\Http\Request), Object(Slim\Http\Response), Object(Closure))
#12 /home/vagrant/Code/hackernews.app/vendor/slim/slim/Slim/DeferredCallable.php(43): call_user_func_array(Object(Hackernews\Http\Middleware\AllowCrossOrigin), Array)
#13 [internal function]: Slim\DeferredCallable->__invoke(Object(Slim\Http\Request), Object(Slim\Http\Response), Object(Closure))
#14 /home/vagrant/Code/hackernews.app/vendor/slim/slim/Slim/MiddlewareAwareTrait.php(73): call_user_func(Object(Slim\DeferredCallable), Object(Slim\Http\Request), Object(Slim\Http\Response), Object(Closure))
#15 /home/vagrant/Code/hackernews.app/vendor/slim/slim/Slim/MiddlewareAwareTrait.php(122): Slim\Route->Slim\{closure}(Object(Slim\Http\Request), Object(Slim\Http\Response))
#16 /home/vagrant/Code/hackernews.app/vendor/slim/slim/Slim/Route.php(316): Slim\Route->callMiddlewareStack(Object(Slim\Http\Request), Object(Slim\Http\Response))
#17 /home/vagrant/Code/hackernews.app/vendor/slim/slim/Slim/App.php(476): Slim\Route->run(Object(Slim\Http\Request), Object(Slim\Http\Response))
#18 /home/vagrant/Code/hackernews.app/vendor/slim/slim/Slim/MiddlewareAwareTrait.php(122): Slim\App->__invoke(Object(Slim\Http\Request), Object(Slim\Http\Response))
#19 /home/vagrant/Code/hackernews.app/vendor/slim/slim/Slim/App.php(370): Slim\App->callMiddlewareStack(Object(Slim\Http\Request), Object(Slim\Http\Response))
#20 /home/vagrant/Code/hackernews.app/vendor/slim/slim/Slim/App.php(295): Slim\App->process(Object(Slim\Http\Request), Object(Slim\Http\Response))
#21 /home/vagrant/Code/hackernews.app/index.php(23): Slim\App->run()
#22 {main}  hackernews-backend-logs: ERROR: Hey {"content":"Hey you get off my ground"} hackernews-backend-logs: ERROR: 0: No results found: IN: /home/vagrant/Code/hackernews.app/app/Hackernews/Access/PostAccess.php: #0 /home/vagrant/Code/hackernews.app/app/Hackernews/Facade/PostFacade.php(102): Hackernews\Access\PostAccess->getPostBySlug('s?d', -1)
#1 /home/vagrant/Code/hackernews.app/app/Hackernews/Http/Controllers/PostController.php(101): Hackernews\Facade\PostFacade->getPostBySlug('s?d', -1)
#2 [internal function]: Hackernews\Http\Controllers\PostController->getPost(Object(Slim\Http\Request), Object(Slim\Http\Response), Array)
#3 /home/vagrant/Code/hackernews.app/vendor/slim/slim/Slim/Handlers/Strategies/RequestResponse.php(41): call_user_func(Array, Object(Slim\Http\Request), Object(Slim\Http\Response), Array)
#4 /home/vagrant/Code/hackernews.app/vendor/slim/slim/Slim/Route.php(344): Slim\Handlers\Strategies\RequestResponse->__invoke(Array, Object(Slim\Http\Request), Object(Slim\Http\Response), Array)
#5 /home/vagrant/Code/hackernews.app/app/Hackernews/Http/Middleware/CheckIsLoggedIn.php(47): Slim\Route->__invoke(Object(Slim\Http\Request), Object(Slim\Http\Response))
#6 [internal function]: Hackernews\Http\Middleware\CheckIsLoggedIn->__invoke(Object(Slim\Http\Request), Object(Slim\Http\Response), Object(Slim\Route))
#7 /home/vagrant/Code/hackernews.app/vendor/slim/slim/Slim/DeferredCallable.php(43): call_user_func_array(Object(Hackernews\Http\Middleware\CheckIsLoggedIn), Array)
#8 [internal function]: Slim\DeferredCallable->__invoke(Object(Slim\Http\Request), Object(Slim\Http\Response), Object(Slim\Route))
#9 /home/vagrant/Code/hackernews.app/vendor/slim/slim/Slim/MiddlewareAwareTrait.php(73): call_user_func(Object(Slim\DeferredCallable), Object(Slim\Http\Request), Object(Slim\Http\Response), Object(Slim\Route))
#10 /home/vagrant/Code/hackernews.app/app/Hackernews/Http/Middleware/AllowCrossOrigin.php(31): Slim\Route->Slim\{closure}(Object(Slim\Http\Request), Object(Slim\Http\Response))
#11 [internal function]: Hackernews\Http\Middleware\AllowCrossOrigin->__invoke(Object(Slim\Http\Request), Object(Slim\Http\Response), Object(Closure))
#12 /home/vagrant/Code/hackernews.app/vendor/slim/slim/Slim/DeferredCallable.php(43): call_user_func_array(Object(Hackernews\Http\Middleware\AllowCrossOrigin), Array)
#13 [internal function]: Slim\DeferredCallable->__invoke(Object(Slim\Http\Request), Object(Slim\Http\Response), Object(Closure))
#14 /home/vagrant/Code/hackernews.app/vendor/slim/slim/Slim/MiddlewareAwareTrait.php(73): call_user_func(Object(Slim\DeferredCallable), Object(Slim\Http\Request), Object(Slim\Http\Response), Object(Closure))
#15 /home/vagrant/Code/hackernews.app/vendor/slim/slim/Slim/MiddlewareAwareTrait.php(122): Slim\Route->Slim\{closure}(Object(Slim\Http\Request), Object(Slim\Http\Response))
#16 /home/vagrant/Code/hackernews.app/vendor/slim/slim/Slim/Route.php(316): Slim\Route->callMiddlewareStack(Object(Slim\Http\Request), Object(Slim\Http\Response))
#17 /home/vagrant/Code/hackernews.app/vendor/slim/slim/Slim/App.php(476): Slim\Route->run(Object(Slim\Http\Request), Object(Slim\Http\Response))
#18 /home/vagrant/Code/hackernews.app/vendor/slim/slim/Slim/MiddlewareAwareTrait.php(122): Slim\App->__invoke(Object(Slim\Http\Request), Object(Slim\Http\Response))
#19 /home/vagrant/Code/hackernews.app/vendor/slim/slim/Slim/App.php(370): Slim\App->callMiddlewareStack(Object(Slim\Http\Request), Object(Slim\Http\Response))
#20 /home/vagrant/Code/hackernews.app/vendor/slim/slim/Slim/App.php(295): Slim\App->process(Object(Slim\Http\Request), Object(Slim\Http\Response))
#21 /home/vagrant/Code/hackernews.app/index.php(23): Slim\App->run()
#22 {main} {"content":"Hey you get off my ground"} hackernews-backend-logs: ERROR: Hey {"content":"This is a test"} hackernews-backend-logs: ERROR: No results found {"content":"This is a test"} hackernews-backend-logs: ERROR: Hey {"content":"This is a test"} hackernews-backend-logs: ERROR: No results found {"content":"This is a test"} hackernews-backend-logs: ERROR: No results found {"content":"This is a test"}